<?xml version="1.0" encoding="UTF-8"?>
<!-- Generated by org.testng.reporters.JUnitXMLReporter -->
<testsuite hostname="DESKTOP-TSLHRBF" name="Validating title in the Page" tests="1" failures="1" timestamp="27 Aug 2021 13:34:17 GMT" time="29.265" errors="0">
  <testcase name="validateAppTitle" time="0.093" classname="academy.ValidateTitle">
    <failure type="java.lang.AssertionError" message="expected [make my tri] but found []">
      <![CDATA[java.lang.AssertionError: expected [make my tri] but found []
	at academy.ValidateTitle.validateAppTitle(ValidateTitle.java:39)
... Removed 30 stack frames]]>
    </failure>
  </testcase> <!-- validateAppTitle -->
</testsuite> <!-- Validating title in the Page -->
