<?xml version="1.0" encoding="UTF-8"?>
<!-- Generated by org.testng.reporters.JUnitXMLReporter -->
<testsuite hostname="DESKTOP-TSLHRBF" ignored="0" name="Validating title in the Page" tests="1" failures="1" timestamp="2021-08-27T16:59:26 IST" time="140.478" errors="0">
  <testcase name="validateAppTitle" time="0.284" classname="academy.ValidateTitle">
    <failure type="java.lang.AssertionError" message="expected [make my tri] but found []">
      <![CDATA[java.lang.AssertionError: expected [make my tri] but found []
at academy.ValidateTitle.validateAppTitle(ValidateTitle.java:39)
at java.util.ArrayList.forEach(ArrayList.java:1259)
... Removed 37 stack frames]]>
    </failure>
  </testcase> <!-- validateAppTitle -->
</testsuite> <!-- Validating title in the Page -->
